09-Feb-2018 18:24:51.729 INFOS [main] org.apache.catalina.core.ApplicationContext.log ContextListener: contextInitialized()
09-Feb-2018 18:24:51.729 INFOS [main] org.apache.catalina.core.ApplicationContext.log SessionListener: contextInitialized()
09-Feb-2018 18:29:30.995 GRAVE [http-nio-8080-exec-2] org.apache.catalina.core.StandardWrapperValve.invoke Servlet.service() for servlet [proxy.MyRESTServices] in context with path [/Messagerie] threw exception [java.lang.NullPointerException] with root cause
 java.lang.NullPointerException
	at proxy.Proxy.suscribe(Proxy.java:34)
	at sun.reflect.NativeMethodAccessorImpl.invoke0(Native Method)
	at sun.reflect.NativeMethodAccessorImpl.invoke(NativeMethodAccessorImpl.java:62)
	at sun.reflect.DelegatingMethodAccessorImpl.invoke(DelegatingMethodAccessorImpl.java:43)
	at java.lang.reflect.Method.invoke(Method.java:498)
	at org.glassfish.jersey.server.model.internal.ResourceMethodInvocationHandlerFactory.lambda$static$0(ResourceMethodInvocationHandlerFactory.java:76)
	at org.glassfish.jersey.server.model.internal.AbstractJavaResourceMethodDispatcher$1.run(AbstractJavaResourceMethodDispatcher.java:148)
	at org.glassfish.jersey.server.model.internal.AbstractJavaResourceMethodDispatcher.invoke(AbstractJavaResourceMethodDispatcher.java:191)
	at org.glassfish.jersey.server.model.internal.JavaResourceMethodDispatcherProvider$ResponseOutInvoker.doDispatch(JavaResourceMethodDispatcherProvider.java:200)
	at org.glassfish.jersey.server.model.internal.AbstractJavaResourceMethodDispatcher.dispatch(AbstractJavaResourceMethodDispatcher.java:103)
	at org.glassfish.jersey.server.model.ResourceMethodInvoker.invoke(ResourceMethodInvoker.java:493)
	at org.glassfish.jersey.server.model.ResourceMethodInvoker.apply(ResourceMethodInvoker.java:415)
	at org.glassfish.jersey.server.model.ResourceMethodInvoker.apply(ResourceMethodInvoker.java:104)
	at org.glassfish.jersey.server.ServerRuntime$1.run(ServerRuntime.java:277)
	at org.glassfish.jersey.internal.Errors$1.call(Errors.java:272)
	at org.glassfish.jersey.internal.Errors$1.call(Errors.java:268)
	at org.glassfish.jersey.internal.Errors.process(Errors.java:316)
	at org.glassfish.jersey.internal.Errors.process(Errors.java:298)
	at org.glassfish.jersey.internal.Errors.process(Errors.java:268)
	at org.glassfish.jersey.process.internal.RequestScope.runInScope(RequestScope.java:289)
	at org.glassfish.jersey.server.ServerRuntime.process(ServerRuntime.java:256)
	at org.glassfish.jersey.server.ApplicationHandler.handle(ApplicationHandler.java:703)
	at org.glassfish.jersey.servlet.WebComponent.serviceImpl(WebComponent.java:416)
	at org.glassfish.jersey.servlet.WebComponent.service(WebComponent.java:370)
	at org.glassfish.jersey.servlet.ServletContainer.service(ServletContainer.java:389)
	at org.glassfish.jersey.servlet.ServletContainer.service(ServletContainer.java:342)
	at org.glassfish.jersey.servlet.ServletContainer.service(ServletContainer.java:229)
	at org.apache.catalina.core.ApplicationFilterChain.internalDoFilter(ApplicationFilterChain.java:231)
	at org.apache.catalina.core.ApplicationFilterChain.doFilter(ApplicationFilterChain.java:166)
	at org.apache.tomcat.websocket.server.WsFilter.doFilter(WsFilter.java:53)
	at org.apache.catalina.core.ApplicationFilterChain.internalDoFilter(ApplicationFilterChain.java:193)
	at org.apache.catalina.core.ApplicationFilterChain.doFilter(ApplicationFilterChain.java:166)
	at org.apache.catalina.core.StandardWrapperValve.invoke(StandardWrapperValve.java:199)
	at org.apache.catalina.core.StandardContextValve.invoke(StandardContextValve.java:96)
	at org.apache.catalina.authenticator.AuthenticatorBase.invoke(AuthenticatorBase.java:502)
	at org.apache.catalina.core.StandardHostValve.invoke(StandardHostValve.java:140)
	at org.apache.catalina.valves.ErrorReportValve.invoke(ErrorReportValve.java:81)
	at org.apache.catalina.valves.AbstractAccessLogValve.invoke(AbstractAccessLogValve.java:651)
	at org.apache.catalina.core.StandardEngineValve.invoke(StandardEngineValve.java:87)
	at org.apache.catalina.connector.CoyoteAdapter.service(CoyoteAdapter.java:342)
	at org.apache.coyote.http11.Http11Processor.service(Http11Processor.java:501)
	at org.apache.coyote.AbstractProcessorLight.process(AbstractProcessorLight.java:66)
	at org.apache.coyote.AbstractProtocol$ConnectionHandler.process(AbstractProtocol.java:754)
	at org.apache.tomcat.util.net.NioEndpoint$SocketProcessor.doRun(NioEndpoint.java:1376)
	at org.apache.tomcat.util.net.SocketProcessorBase.run(SocketProcessorBase.java:49)
	at java.util.concurrent.ThreadPoolExecutor.runWorker(ThreadPoolExecutor.java:1142)
	at java.util.concurrent.ThreadPoolExecutor$Worker.run(ThreadPoolExecutor.java:617)
	at org.apache.tomcat.util.threads.TaskThread$WrappingRunnable.run(TaskThread.java:61)
	at java.lang.Thread.run(Thread.java:745)

09-Feb-2018 18:31:17.685 INFOS [main] org.apache.catalina.core.ApplicationContext.log SessionListener: contextDestroyed()
09-Feb-2018 18:31:17.685 INFOS [main] org.apache.catalina.core.ApplicationContext.log ContextListener: contextDestroyed()
09-Feb-2018 18:31:29.345 INFOS [main] org.apache.catalina.core.ApplicationContext.log ContextListener: contextInitialized()
09-Feb-2018 18:31:29.345 INFOS [main] org.apache.catalina.core.ApplicationContext.log SessionListener: contextInitialized()
